
> frontend@0.0.0 build
> tsc -b && vite build

src/components/KPIWidget.tsx(1,40): error TS6133: 'TrendingUp' is declared but its value is never read.
src/components/Sidebar.tsx(1,27): error TS6133: 'MessageSquare' is declared but its value is never read.
src/pages/Chat.tsx(7,57): error TS6133: 'Star' is declared but its value is never read.
src/pages/Chat.tsx(8,5): error TS6133: 'Send' is declared but its value is never read.
src/pages/Chat.tsx(13,43): error TS6133: 'PieChart' is declared but its value is never read.
src/pages/Chat.tsx(13,53): error TS6133: 'Pie' is declared but its value is never read.
src/pages/Chat.tsx(13,58): error TS6133: 'Cell' is declared but its value is never read.
src/pages/Chat.tsx(13,64): error TS6133: 'LineChart' is declared but its value is never read.
src/pages/Chat.tsx(13,75): error TS6133: 'Line' is declared but its value is never read.
src/pages/Chat.tsx(13,81): error TS6133: 'RadarChart' is declared but its value is never read.
src/pages/Chat.tsx(13,93): error TS6133: 'Radar' is declared but its value is never read.
src/pages/Chat.tsx(13,100): error TS6133: 'PolarGrid' is declared but its value is never read.
src/pages/Chat.tsx(13,111): error TS6133: 'PolarAngleAxis' is declared but its value is never read.
src/pages/Chat.tsx(13,127): error TS6133: 'PolarRadiusAxis' is declared but its value is never read.
src/pages/Chat.tsx(13,144): error TS6133: 'Legend' is declared but its value is never read.
src/pages/Chat.tsx(48,7): error TS6133: 'Target' is declared but its value is never read.
src/pages/Chat.tsx(61,12): error TS6133: 'savedQueries' is declared but its value is never read.
src/pages/Chat.tsx(61,26): error TS6133: 'setSavedQueries' is declared but its value is never read.
src/pages/Chat.tsx(99,22): error TS6133: 'setSettings' is declared but its value is never read.
src/pages/Chat.tsx(111,25): error TS6133: 'setDataQuality' is declared but its value is never read.
src/pages/Chat.tsx(118,29): error TS6133: 'setRealtimeMetrics' is declared but its value is never read.
src/pages/Login.tsx(5,70): error TS6133: 'Sparkles' is declared but its value is never read.
src/pages/Register.tsx(5,97): error TS6133: 'ChevronRight' is declared but its value is never read.
src/pages/Settings.tsx(8,17): error TS6133: 'SettingsIcon' is declared but its value is never read.
src/pages/Settings.tsx(32,12): error TS6133: 'teamMembers' is declared but its value is never read.
src/pages/Settings.tsx(42,12): error TS6133: 'isSaving' is declared but its value is never read.
src/pages/Settings.tsx(94,52): error TS2304: Cannot find name 'Shield'.
src/pages/Settings.tsx(98,55): error TS2304: Cannot find name 'CreditCard'.
src/pages/Settings.tsx(173,38): error TS2304: Cannot find name 'Shield'.
src/pages/Settings.tsx(298,46): error TS2304: Cannot find name 'Shield'.
