
> frontend@0.0.0 build
> tsc -b && vite build

src/components/KPIWidget.tsx(1,40): error TS6133: 'TrendingUp' is declared but its value is never read.
src/components/Sidebar.tsx(1,27): error TS6133: 'MessageSquare' is declared but its value is never read.
src/pages/Chat.tsx(48,7): error TS6133: 'Target' is declared but its value is never read.
src/pages/Chat.tsx(98,22): error TS6133: 'setSettings' is declared but its value is never read.
src/pages/Chat.tsx(110,25): error TS6133: 'setDataQuality' is declared but its value is never read.
src/pages/Chat.tsx(117,29): error TS6133: 'setRealtimeMetrics' is declared but its value is never read.
src/pages/Login.tsx(5,70): error TS6133: 'Sparkles' is declared but its value is never read.
src/pages/Register.tsx(5,97): error TS6133: 'ChevronRight' is declared but its value is never read.
src/pages/Settings.tsx(8,17): error TS6133: 'SettingsIcon' is declared but its value is never read.
src/pages/Settings.tsx(34,12): error TS6133: 'teamMembers' is declared but its value is never read.
src/pages/Settings.tsx(44,12): error TS6133: 'isSaving' is declared but its value is never read.
